TN:
SF:prisma/db.ts
FNF:0
FNH:0
DA:1,1
DA:2,1
DA:3,1
DA:4,1
DA:5,1
DA:6,1
DA:7,1
DA:8,1
LF:8
LH:8
BRDA:6,0,0,0
BRF:1
BRH:0
end_of_record
TN:
SF:src/app/lib/actions/report.ts
FN:8,createReport
FNF:1
FNH:1
FNDA:5,createReport
DA:1,1
DA:2,1
DA:3,1
DA:4,1
DA:5,1
DA:6,1
DA:7,1
DA:8,1
DA:9,5
DA:10,5
DA:11,5
DA:12,5
DA:13,5
DA:14,5
DA:15,5
DA:16,5
DA:17,5
DA:18,5
DA:19,5
DA:20,5
DA:21,5
DA:22,5
DA:23,5
DA:24,5
DA:25,5
DA:26,5
DA:27,5
DA:28,5
DA:29,5
DA:30,5
DA:31,5
DA:32,5
DA:33,1
DA:34,1
DA:35,1
DA:36,1
DA:37,1
DA:38,4
DA:39,5
DA:40,2
DA:41,2
DA:42,2
DA:43,2
DA:44,2
DA:45,2
DA:46,2
LF:46
LH:46
BRDA:8,0,0,5
BRDA:32,1,0,1
BRDA:38,2,0,4
BRDA:39,3,0,3
BRDA:39,4,0,2
BRF:5
BRH:5
end_of_record
TN:
SF:src/app/lib/actions/uploader.ts
FN:7,createUploadPhoto
FN:26,uploadPhotoChunk
FN:52,getUploadStatus
FN:60,deleteUpload
FN:68,getTusOptions
FNF:5
FNH:4
FNDA:2,createUploadPhoto
FNDA:3,uploadPhotoChunk
FNDA:1,getUploadStatus
FNDA:1,deleteUpload
FNDA:0,getTusOptions
DA:1,1
DA:2,1
DA:3,1
DA:4,1
DA:5,1
DA:6,1
DA:7,1
DA:8,2
DA:9,2
DA:10,2
DA:11,2
DA:12,2
DA:13,2
DA:14,2
DA:15,2
DA:16,2
DA:17,2
DA:18,2
DA:19,2
DA:20,2
DA:21,2
DA:22,2
DA:23,2
DA:24,2
DA:25,1
DA:26,1
DA:27,3
DA:28,3
DA:29,3
DA:30,3
DA:31,3
DA:32,3
DA:33,1
DA:34,1
DA:35,1
DA:36,1
DA:37,1
DA:38,1
DA:39,2
DA:40,2
DA:41,2
DA:42,2
DA:43,2
DA:44,2
DA:45,2
DA:46,2
DA:47,2
DA:48,2
DA:49,2
DA:50,2
DA:51,1
DA:52,1
DA:53,1
DA:54,1
DA:55,1
DA:56,1
DA:57,1
DA:58,1
DA:59,1
DA:60,1
DA:61,1
DA:62,1
DA:63,1
DA:64,1
DA:65,1
DA:66,1
DA:67,1
DA:68,1
DA:69,0
DA:70,0
LF:70
LH:68
BRDA:7,0,0,2
BRDA:16,1,0,1
BRDA:17,2,0,0
BRDA:21,3,0,0
BRDA:26,4,0,3
BRDA:32,5,0,1
BRDA:39,6,0,2
BRDA:52,7,0,1
BRDA:60,8,0,1
BRF:9
BRH:7
end_of_record
TN:
SF:src/app/lib/actions/user.ts
FN:11,register
FNF:1
FNH:1
FNDA:19,register
DA:1,1
DA:2,1
DA:3,1
DA:4,1
DA:5,1
DA:6,1
DA:7,1
DA:8,1
DA:9,1
DA:10,1
DA:11,1
DA:12,19
DA:13,19
DA:14,19
DA:15,19
DA:16,19
DA:17,19
DA:18,19
DA:19,19
DA:20,19
DA:21,19
DA:22,19
DA:23,19
DA:24,19
DA:25,19
DA:26,19
DA:27,19
DA:28,19
DA:29,19
DA:30,7
DA:31,7
DA:32,12
DA:33,19
DA:34,10
DA:35,5
DA:36,5
DA:37,10
DA:38,7
DA:39,7
DA:40,7
DA:41,7
DA:42,7
DA:43,19
DA:44,3
DA:45,3
DA:46,4
DA:47,4
DA:48,4
LF:48
LH:48
BRDA:11,0,0,19
BRDA:21,1,0,14
BRDA:25,2,0,6
BRDA:26,3,0,18
BRDA:29,4,0,7
BRDA:32,5,0,12
BRDA:33,6,0,3
BRDA:33,7,0,0
BRDA:33,8,0,10
BRDA:34,9,0,9
BRDA:34,10,0,5
BRDA:38,11,0,7
BRDA:43,12,0,3
BRDA:46,13,0,4
BRF:14
BRH:13
end_of_record
TN:
SF:src/app/lib/controllers/report.controller.ts
FN:6,createReport
FNF:1
FNH:1
FNDA:2,createReport
DA:1,1
DA:2,1
DA:3,1
DA:4,1
DA:5,1
DA:6,1
DA:7,2
DA:8,2
DA:9,2
DA:10,1
DA:11,1
DA:12,1
LF:12
LH:12
BRDA:6,0,0,2
BRF:1
BRH:1
end_of_record
TN:
SF:src/app/lib/controllers/uploader.controller.ts
FN:17,createUploadPhoto
FN:44,uploadPhotoChunk
FN:72,getUploadStatus
FN:96,deleteUpload
FN:119,getTusOptions
FNF:5
FNH:4
FNDA:3,createUploadPhoto
FNDA:4,uploadPhotoChunk
FNDA:3,getUploadStatus
FNDA:4,deleteUpload
FNDA:0,getTusOptions
DA:1,1
DA:2,1
DA:3,1
DA:4,1
DA:5,1
DA:6,1
DA:7,1
DA:8,1
DA:9,1
DA:10,1
DA:11,1
DA:12,1
DA:13,1
DA:14,1
DA:15,1
DA:16,1
DA:17,1
DA:18,3
DA:19,3
DA:20,3
DA:21,3
DA:22,3
DA:23,3
DA:24,3
DA:25,3
DA:26,3
DA:27,3
DA:28,3
DA:29,3
DA:30,3
DA:31,2
DA:32,2
DA:33,2
DA:34,2
DA:35,2
DA:36,2
DA:37,2
DA:38,2
DA:39,2
DA:40,2
DA:41,2
DA:42,2
DA:43,1
DA:44,1
DA:45,4
DA:46,4
DA:47,4
DA:48,1
DA:49,1
DA:50,2
DA:51,2
DA:52,2
DA:53,2
DA:54,2
DA:55,2
DA:56,2
DA:57,2
DA:58,2
DA:59,2
DA:60,2
DA:61,2
DA:62,2
DA:63,2
DA:64,2
DA:65,2
DA:66,2
DA:67,2
DA:68,2
DA:69,2
DA:70,2
DA:71,1
DA:72,1
DA:73,3
DA:74,3
DA:75,3
DA:76,3
DA:77,3
DA:78,3
DA:79,3
DA:80,3
DA:81,3
DA:82,3
DA:83,1
DA:84,1
DA:85,1
DA:86,1
DA:87,1
DA:88,1
DA:89,1
DA:90,1
DA:91,1
DA:92,1
DA:93,1
DA:94,1
DA:95,1
DA:96,1
DA:97,4
DA:98,4
DA:99,4
DA:100,4
DA:101,4
DA:102,4
DA:103,4
DA:104,4
DA:105,4
DA:106,3
DA:107,4
DA:108,2
DA:109,2
DA:110,1
DA:111,1
DA:112,1
DA:113,1
DA:114,1
DA:115,1
DA:116,1
DA:117,1
DA:118,1
DA:119,1
DA:120,0
DA:121,0
DA:122,0
DA:123,0
DA:124,0
DA:125,0
DA:126,0
DA:127,0
DA:128,0
DA:129,0
DA:130,1
DA:131,1
DA:132,1
LF:132
LH:122
BRDA:17,0,0,3
BRDA:31,1,0,2
BRDA:44,2,0,4
BRDA:47,3,0,1
BRDA:50,4,0,2
BRDA:72,5,0,3
BRDA:82,6,0,2
BRDA:82,7,0,1
BRDA:96,8,0,4
BRDA:106,9,0,3
BRDA:107,10,0,2
BRDA:108,11,0,1
BRDA:110,12,0,1
BRF:13
BRH:13
end_of_record
TN:
SF:src/app/lib/controllers/user.controller.ts
FN:14,UserController
FN:17,checkDuplicates
FN:21,createUser
FN:32,retrieveUser
FNF:4
FNH:3
FNDA:16,UserController
FNDA:6,checkDuplicates
FNDA:10,createUser
FNDA:0,retrieveUser
DA:1,1
DA:2,1
DA:3,1
DA:4,1
DA:5,1
DA:6,1
DA:7,1
DA:8,1
DA:9,1
DA:10,1
DA:11,1
DA:12,1
DA:13,1
DA:14,1
DA:15,1
DA:16,1
DA:17,1
DA:18,6
DA:19,6
DA:20,1
DA:21,1
DA:22,10
DA:23,10
DA:24,10
DA:25,10
DA:26,6
DA:27,6
DA:28,4
DA:29,4
DA:30,4
DA:31,1
DA:32,1
DA:33,0
DA:34,0
DA:35,1
DA:36,1
DA:37,1
LF:37
LH:35
BRDA:14,0,0,16
BRDA:17,1,0,6
BRDA:21,2,0,10
BRDA:25,3,0,6
BRDA:28,4,0,4
BRF:5
BRH:5
end_of_record
TN:
SF:src/app/lib/dtos/report.dto.ts
FN:28,exports.reportResponseSchema.zod_1.z.object.createdAt.zod_1.z.string.refine.message
FNF:1
FNH:0
FNDA:0,exports.reportResponseSchema.zod_1.z.object.createdAt.zod_1.z.string.refine.message
DA:1,1
DA:2,1
DA:3,1
DA:4,1
DA:5,1
DA:6,1
DA:7,1
DA:8,1
DA:9,1
DA:10,1
DA:11,1
DA:12,1
DA:13,1
DA:14,1
DA:15,1
DA:16,1
DA:17,1
DA:18,1
DA:19,1
DA:20,1
DA:21,1
DA:22,1
DA:23,1
DA:24,1
DA:25,1
DA:26,1
DA:27,1
DA:28,1
DA:29,1
DA:30,1
DA:31,1
DA:32,1
DA:33,1
DA:34,1
DA:35,1
DA:36,1
DA:37,1
DA:38,1
DA:39,1
DA:40,1
DA:41,1
DA:42,1
DA:43,1
DA:44,1
LF:44
LH:44
BRF:0
BRH:0
end_of_record
TN:
SF:src/app/lib/dtos/tus.dto.ts
FNF:0
FNH:0
DA:1,1
DA:2,1
DA:3,1
DA:4,1
DA:5,1
DA:6,1
DA:7,1
DA:8,1
DA:9,1
DA:10,1
DA:11,1
DA:12,1
DA:13,1
DA:14,1
DA:15,1
DA:16,1
DA:17,1
DA:18,1
DA:19,1
DA:20,1
DA:21,1
DA:22,1
DA:23,1
DA:24,1
DA:25,1
DA:26,1
DA:27,1
DA:28,1
DA:29,1
DA:30,1
DA:31,1
DA:32,1
DA:33,1
DA:34,1
DA:35,1
DA:36,1
DA:37,1
DA:38,1
DA:39,1
DA:40,1
DA:41,1
DA:42,1
DA:43,1
DA:44,1
DA:45,1
DA:46,1
DA:47,1
DA:48,1
DA:49,1
DA:50,1
DA:51,1
DA:52,1
DA:53,1
DA:54,1
DA:55,1
DA:56,1
DA:57,1
DA:58,1
DA:59,1
DA:60,1
DA:61,1
DA:62,1
LF:62
LH:62
BRF:0
BRH:0
end_of_record
TN:
SF:src/app/lib/dtos/tus.header.dto.ts
FN:5,exports.TusCreateDataSchema.zod_1.z.object.tus-resumable.zod_1.z.string.refine.message
FN:29,exports.TusUploadDataSchema.zod_1.z.object.tus-resumable.zod_1.z.string.refine.message
FN:39,exports.TusUploadDataSchema.zod_1.z.object.content-type.zod_1.z.string.refine.message
FN:55,exports.TusDeleteDataSchema.zod_1.z.object.tus-resumable.zod_1.z.string.refine.message
FN:61,exports.TusStatusDataSchema.zod_1.z.object.tus-resumable.zod_1.z.string.refine.message
FNF:5
FNH:5
FNDA:3,exports.TusCreateDataSchema.zod_1.z.object.tus-resumable.zod_1.z.string.refine.message
FNDA:4,exports.TusUploadDataSchema.zod_1.z.object.tus-resumable.zod_1.z.string.refine.message
FNDA:3,exports.TusUploadDataSchema.zod_1.z.object.content-type.zod_1.z.string.refine.message
FNDA:3,exports.TusDeleteDataSchema.zod_1.z.object.tus-resumable.zod_1.z.string.refine.message
FNDA:2,exports.TusStatusDataSchema.zod_1.z.object.tus-resumable.zod_1.z.string.refine.message
DA:1,1
DA:2,1
DA:3,1
DA:4,1
DA:5,1
DA:6,1
DA:7,1
DA:8,1
DA:9,3
DA:10,3
DA:11,1
DA:12,1
DA:13,3
DA:14,0
DA:15,0
DA:16,2
DA:17,1
DA:18,1
DA:19,1
DA:20,2
DA:21,2
DA:22,0
DA:23,0
DA:24,2
DA:25,1
DA:26,1
DA:27,1
DA:28,1
DA:29,1
DA:30,1
DA:31,1
DA:32,1
DA:33,4
DA:34,4
DA:35,1
DA:36,1
DA:37,3
DA:38,1
DA:39,1
DA:40,1
DA:41,1
DA:42,1
DA:43,3
DA:44,3
DA:45,0
DA:46,0
DA:47,3
DA:48,0
DA:49,0
DA:50,3
DA:51,1
DA:52,1
DA:53,1
DA:54,1
DA:55,1
DA:56,1
DA:57,1
DA:58,1
DA:59,1
DA:60,1
DA:61,1
DA:62,1
DA:63,1
DA:64,1
DA:65,1
DA:66,1
DA:67,1
DA:68,1
DA:69,1
DA:70,1
DA:71,1
DA:72,1
DA:73,1
DA:74,1
DA:75,1
DA:76,1
DA:77,1
DA:78,1
DA:79,1
DA:80,1
DA:81,1
LF:81
LH:73
BRDA:5,0,0,3
BRDA:8,1,0,3
BRDA:9,2,0,1
BRDA:9,3,0,2
BRDA:10,4,0,2
BRDA:10,5,0,1
BRDA:13,6,0,2
BRDA:13,7,0,0
BRDA:16,8,0,2
BRDA:19,9,0,2
BRDA:20,10,0,0
BRDA:21,11,0,0
BRDA:29,12,0,4
BRDA:32,13,0,4
BRDA:33,14,0,1
BRDA:33,15,0,3
BRDA:34,16,0,3
BRDA:34,17,0,1
BRDA:37,18,0,3
BRDA:39,19,0,3
BRDA:42,20,0,3
BRDA:43,21,0,0
BRDA:44,22,0,0
BRDA:47,23,0,0
BRDA:55,24,0,3
BRDA:61,25,0,2
BRF:26
BRH:20
end_of_record
TN:
SF:src/app/lib/dtos/user.dto.ts
FN:16,zod_1.z.object.refine.message
FN:24,zod_1.z.object.refine.refine.message
FN:32,zod_1.z.object.refine.refine.refine.message
FN:68,exports.RetrievedUserDataSchema.zod_1.z.object.refine.message
FN:76,exports.RetrievedUserDataSchema.zod_1.z.object.refine.refine.message
FN:84,exports.RetrievedUserDataSchema.zod_1.z.object.refine.refine.refine.message
FNF:6
FNH:3
FNDA:27,zod_1.z.object.refine.message
FNDA:27,zod_1.z.object.refine.refine.message
FNDA:27,zod_1.z.object.refine.refine.refine.message
FNDA:0,exports.RetrievedUserDataSchema.zod_1.z.object.refine.message
FNDA:0,exports.RetrievedUserDataSchema.zod_1.z.object.refine.refine.message
FNDA:0,exports.RetrievedUserDataSchema.zod_1.z.object.refine.refine.refine.message
DA:1,1
DA:2,1
DA:3,1
DA:4,1
DA:5,1
DA:6,1
DA:7,1
DA:8,1
DA:9,1
DA:10,1
DA:11,1
DA:12,1
DA:13,1
DA:14,1
DA:15,1
DA:16,1
DA:17,27
DA:18,1
DA:19,1
DA:20,1
DA:21,1
DA:22,1
DA:23,1
DA:24,1
DA:25,27
DA:26,1
DA:27,1
DA:28,1
DA:29,1
DA:30,1
DA:31,1
DA:32,1
DA:33,27
DA:34,6
DA:35,6
DA:36,21
DA:37,21
DA:38,21
DA:39,1
DA:40,1
DA:41,1
DA:42,1
DA:43,1
DA:44,1
DA:45,1
DA:46,1
DA:47,1
DA:48,1
DA:49,1
DA:50,1
DA:51,1
DA:52,1
DA:53,1
DA:54,1
DA:55,1
DA:56,1
DA:57,1
DA:58,1
DA:59,1
DA:60,1
DA:61,1
DA:62,1
DA:63,1
DA:64,1
DA:65,1
DA:66,1
DA:67,1
DA:68,1
DA:69,0
DA:70,1
DA:71,1
DA:72,1
DA:73,1
DA:74,1
DA:75,1
DA:76,1
DA:77,0
DA:78,1
DA:79,1
DA:80,1
DA:81,1
DA:82,1
DA:83,1
DA:84,1
DA:85,0
DA:86,0
DA:87,0
DA:88,0
DA:89,0
DA:90,0
DA:91,1
DA:92,1
DA:93,1
DA:94,1
DA:95,1
DA:96,1
DA:97,1
DA:98,1
DA:99,1
DA:100,1
DA:101,1
DA:102,1
DA:103,1
DA:104,1
DA:105,1
DA:106,1
DA:107,1
DA:108,1
DA:109,1
DA:110,1
DA:111,1
DA:112,1
DA:113,1
DA:114,1
DA:115,1
DA:116,1
LF:116
LH:108
BRDA:16,0,0,27
BRDA:17,1,0,21
BRDA:17,2,0,9
BRDA:18,3,0,6
BRDA:24,4,0,27
BRDA:25,5,0,6
BRDA:25,6,0,21
BRDA:32,7,0,27
BRDA:33,8,0,6
BRDA:36,9,0,21
BRF:10
BRH:10
end_of_record
TN:
SF:src/app/lib/repositories/photo.repository.ts
FN:6,PhotoRepository
FN:8,getInstance
FN:15,create
FN:35,update
FN:46,findById
FN:51,delete
FNF:6
FNH:6
FNDA:1,PhotoRepository
FNDA:10,getInstance
FNDA:2,create
FNDA:2,update
FNDA:2,findById
FNDA:5,delete
DA:1,1
DA:2,1
DA:3,1
DA:4,1
DA:5,1
DA:6,1
DA:7,1
DA:8,1
DA:9,10
DA:10,1
DA:11,1
DA:12,10
DA:13,10
DA:14,1
DA:15,1
DA:16,2
DA:17,2
DA:18,2
DA:19,2
DA:20,2
DA:21,2
DA:22,2
DA:23,2
DA:24,2
DA:25,2
DA:26,2
DA:27,2
DA:28,2
DA:29,2
DA:30,2
DA:31,2
DA:32,2
DA:33,2
DA:34,1
DA:35,1
DA:36,2
DA:37,2
DA:38,2
DA:39,2
DA:40,2
DA:41,2
DA:42,2
DA:43,2
DA:44,2
DA:45,1
DA:46,1
DA:47,2
DA:48,2
DA:49,2
DA:50,2
DA:51,1
DA:52,5
DA:53,5
DA:54,5
DA:55,5
DA:56,1
LF:56
LH:56
BRDA:6,0,0,1
BRDA:8,1,0,10
BRDA:9,2,0,1
BRDA:15,3,0,2
BRDA:35,4,0,2
BRDA:46,5,0,2
BRDA:51,6,0,5
BRF:7
BRH:7
end_of_record
TN:
SF:src/app/lib/repositories/report.repository.ts
FN:8,ReportRepository
FN:10,getInstance
FN:17,createReport
FNF:3
FNH:3
FNDA:1,ReportRepository
FNDA:1,getInstance
FNDA:3,createReport
DA:1,1
DA:2,1
DA:3,1
DA:4,1
DA:5,1
DA:6,1
DA:7,1
DA:8,1
DA:9,1
DA:10,1
DA:11,1
DA:12,1
DA:13,1
DA:14,1
DA:15,1
DA:16,1
DA:17,1
DA:18,3
DA:19,3
DA:20,3
DA:21,3
DA:22,3
DA:23,3
DA:24,3
DA:25,3
DA:26,3
DA:27,3
DA:28,3
DA:29,3
DA:30,3
DA:31,3
DA:32,3
DA:33,3
DA:34,3
DA:35,3
DA:36,3
DA:37,3
DA:38,3
DA:39,2
DA:40,2
DA:41,2
DA:42,2
DA:43,3
DA:44,1
DA:45,1
DA:46,1
DA:47,1
DA:48,1
DA:49,1
DA:50,3
DA:51,1
DA:52,1
DA:53,1
LF:53
LH:53
BRDA:8,0,0,1
BRDA:10,1,0,1
BRDA:17,2,0,3
BRDA:32,3,0,2
BRDA:33,4,0,1
BRDA:39,5,0,2
BRDA:43,6,0,1
BRDA:29,7,0,3
BRF:8
BRH:8
end_of_record
TN:
SF:src/app/lib/repositories/user.repository.ts
FN:14,checkDuplicates
FN:32,createUser
FN:60,retrieveUser
FNF:3
FNH:2
FNDA:4,checkDuplicates
FNDA:5,createUser
FNDA:0,retrieveUser
DA:1,1
DA:2,1
DA:3,1
DA:4,1
DA:5,1
DA:6,1
DA:7,1
DA:8,1
DA:9,1
DA:10,1
DA:11,1
DA:12,1
DA:13,1
DA:14,1
DA:15,4
DA:16,4
DA:17,4
DA:18,4
DA:19,4
DA:20,4
DA:21,4
DA:22,4
DA:23,4
DA:24,4
DA:25,4
DA:26,4
DA:27,4
DA:28,0
DA:29,0
DA:30,4
DA:31,1
DA:32,1
DA:33,5
DA:34,5
DA:35,5
DA:36,5
DA:37,5
DA:38,5
DA:39,5
DA:40,5
DA:41,5
DA:42,5
DA:43,5
DA:44,5
DA:45,5
DA:46,5
DA:47,5
DA:48,5
DA:49,5
DA:50,2
DA:51,2
DA:52,2
DA:53,2
DA:54,2
DA:55,5
DA:56,3
DA:57,3
DA:58,5
DA:59,1
DA:60,1
DA:61,0
DA:62,0
DA:63,0
DA:64,0
DA:65,0
DA:66,0
DA:67,0
DA:68,0
DA:69,0
DA:70,0
DA:71,0
DA:72,0
DA:73,0
DA:74,0
DA:75,0
DA:76,0
DA:77,0
DA:78,0
DA:79,0
DA:80,0
DA:81,0
DA:82,0
DA:83,0
DA:84,0
DA:85,0
DA:86,0
DA:87,0
DA:88,0
DA:89,0
DA:90,0
DA:91,0
DA:92,0
DA:93,0
DA:94,1
DA:95,1
DA:96,1
LF:96
LH:61
BRDA:14,0,0,4
BRDA:27,1,0,0
BRDA:32,2,0,5
BRDA:42,3,0,2
BRDA:42,4,0,3
BRDA:45,5,0,3
BRDA:45,6,0,2
BRDA:47,7,0,0
BRDA:50,8,0,2
BRDA:55,9,0,3
BRF:10
BRH:8
end_of_record
TN:
SF:src/app/lib/services/photoDelete.service.ts
FN:10,PhotoDeleteService
FN:14,getInstance
FN:21,deletePhoto
FNF:3
FNH:0
FNDA:0,PhotoDeleteService
FNDA:0,getInstance
FNDA:0,deletePhoto
DA:1,1
DA:2,1
DA:3,1
DA:4,1
DA:5,1
DA:6,1
DA:7,1
DA:8,1
DA:9,1
DA:10,1
DA:11,0
DA:12,0
DA:13,1
DA:14,1
DA:15,0
DA:16,0
DA:17,0
DA:18,0
DA:19,0
DA:20,1
DA:21,1
DA:22,0
DA:23,0
DA:24,0
DA:25,0
DA:26,0
DA:27,0
DA:28,0
DA:29,0
DA:30,0
DA:31,0
DA:32,0
DA:33,0
DA:34,0
DA:35,0
DA:36,0
DA:37,0
DA:38,0
DA:39,0
DA:40,0
DA:41,0
DA:42,0
DA:43,0
DA:44,0
DA:45,0
DA:46,0
DA:47,0
DA:48,0
DA:49,0
DA:50,0
DA:51,0
DA:52,0
DA:53,0
DA:54,0
DA:55,0
DA:56,0
DA:57,0
DA:58,0
DA:59,0
DA:60,0
DA:61,0
DA:62,0
DA:63,0
DA:64,0
DA:65,0
DA:66,0
DA:67,0
DA:68,0
DA:69,0
DA:70,0
DA:71,0
DA:72,0
DA:73,0
DA:74,0
DA:75,0
DA:76,0
DA:77,0
DA:78,1
DA:79,1
DA:80,1
LF:80
LH:17
BRF:0
BRH:0
end_of_record
TN:
SF:src/app/lib/services/photoStatus.service.ts
FN:8,PhotoStatusService
FN:11,getInstance
FN:17,getPhotoStatus
FNF:3
FNH:0
FNDA:0,PhotoStatusService
FNDA:0,getInstance
FNDA:0,getPhotoStatus
DA:1,1
DA:2,1
DA:3,1
DA:4,1
DA:5,1
DA:6,1
DA:7,1
DA:8,1
DA:9,0
DA:10,0
DA:11,1
DA:12,0
DA:13,0
DA:14,0
DA:15,0
DA:16,0
DA:17,1
DA:18,0
DA:19,0
DA:20,0
DA:21,0
DA:22,0
DA:23,0
DA:24,0
DA:25,0
DA:26,0
DA:27,0
DA:28,0
DA:29,0
DA:30,0
DA:31,0
DA:32,0
DA:33,0
DA:34,0
DA:35,1
DA:36,1
DA:37,1
LF:37
LH:13
BRF:0
BRH:0
end_of_record
TN:
SF:src/app/lib/services/photoUpdate.service.ts
FN:10,PhotoUpdaterService
FN:14,getInstance
FN:21,updatePhoto
FNF:3
FNH:0
FNDA:0,PhotoUpdaterService
FNDA:0,getInstance
FNDA:0,updatePhoto
DA:1,1
DA:2,1
DA:3,1
DA:4,1
DA:5,1
DA:6,1
DA:7,1
DA:8,1
DA:9,1
DA:10,1
DA:11,0
DA:12,0
DA:13,1
DA:14,1
DA:15,0
DA:16,0
DA:17,0
DA:18,0
DA:19,0
DA:20,1
DA:21,1
DA:22,0
DA:23,0
DA:24,0
DA:25,0
DA:26,0
DA:27,0
DA:28,0
DA:29,0
DA:30,0
DA:31,0
DA:32,0
DA:33,0
DA:34,0
DA:35,0
DA:36,0
DA:37,0
DA:38,0
DA:39,0
DA:40,0
DA:41,0
DA:42,0
DA:43,0
DA:44,0
DA:45,0
DA:46,0
DA:47,0
DA:48,0
DA:49,0
DA:50,0
DA:51,0
DA:52,0
DA:53,0
DA:54,0
DA:55,0
DA:56,0
DA:57,0
DA:58,0
DA:59,0
DA:60,0
DA:61,0
DA:62,0
DA:63,0
DA:64,0
DA:65,0
DA:66,0
DA:67,0
DA:68,0
DA:69,0
DA:70,0
DA:71,0
DA:72,0
DA:73,0
DA:74,0
DA:75,0
DA:76,0
DA:77,0
DA:78,0
DA:79,0
DA:80,0
DA:81,0
DA:82,0
DA:83,0
DA:84,0
DA:85,0
DA:86,1
DA:87,1
DA:88,1
LF:88
LH:17
BRF:0
BRH:0
end_of_record
TN:
SF:src/app/lib/services/photoUpload.service.ts
FN:11,PhotoUploaderService
FN:15,getInstance
FN:22,createUploadPhoto
FN:89,extractAndSanitizeFilename
FN:120,sanitizeFilename
FN:147,getFileExtension
FNF:6
FNH:0
FNDA:0,PhotoUploaderService
FNDA:0,getInstance
FNDA:0,createUploadPhoto
FNDA:0,extractAndSanitizeFilename
FNDA:0,sanitizeFilename
FNDA:0,getFileExtension
DA:1,1
DA:2,1
DA:3,1
DA:4,1
DA:5,1
DA:6,1
DA:7,1
DA:8,1
DA:9,1
DA:10,1
DA:11,1
DA:12,0
DA:13,0
DA:14,1
DA:15,1
DA:16,0
DA:17,0
DA:18,0
DA:19,0
DA:20,0
DA:21,1
DA:22,1
DA:23,0
DA:24,0
DA:25,0
DA:26,0
DA:27,0
DA:28,0
DA:29,0
DA:30,0
DA:31,0
DA:32,0
DA:33,0
DA:34,0
DA:35,0
DA:36,0
DA:37,0
DA:38,0
DA:39,0
DA:40,0
DA:41,0
DA:42,0
DA:43,0
DA:44,0
DA:45,0
DA:46,0
DA:47,0
DA:48,0
DA:49,0
DA:50,0
DA:51,0
DA:52,0
DA:53,0
DA:54,0
DA:55,0
DA:56,0
DA:57,0
DA:58,0
DA:59,0
DA:60,0
DA:61,0
DA:62,0
DA:63,0
DA:64,0
DA:65,0
DA:66,0
DA:67,0
DA:68,0
DA:69,0
DA:70,0
DA:71,0
DA:72,0
DA:73,0
DA:74,0
DA:75,0
DA:76,0
DA:77,0
DA:78,0
DA:79,0
DA:80,0
DA:81,0
DA:82,0
DA:83,0
DA:84,1
DA:85,1
DA:86,1
DA:87,1
DA:88,1
DA:89,1
DA:90,0
DA:91,0
DA:92,0
DA:93,0
DA:94,0
DA:95,0
DA:96,0
DA:97,0
DA:98,0
DA:99,0
DA:100,0
DA:101,0
DA:102,0
DA:103,0
DA:104,0
DA:105,0
DA:106,0
DA:107,0
DA:108,0
DA:109,0
DA:110,0
DA:111,0
DA:112,0
DA:113,0
DA:114,0
DA:115,0
DA:116,1
DA:117,1
DA:118,1
DA:119,1
DA:120,1
DA:121,0
DA:122,0
DA:123,0
DA:124,0
DA:125,0
DA:126,0
DA:127,0
DA:128,0
DA:129,0
DA:130,0
DA:131,0
DA:132,0
DA:133,0
DA:134,0
DA:135,0
DA:136,0
DA:137,0
DA:138,0
DA:139,0
DA:140,0
DA:141,0
DA:142,0
DA:143,1
DA:144,1
DA:145,1
DA:146,1
DA:147,1
DA:148,0
DA:149,0
DA:150,0
DA:151,1
DA:152,1
DA:153,1
LF:153
LH:34
BRF:0
BRH:0
end_of_record
TN:
SF:src/app/lib/services/reportCreation.service.ts
FN:7,ReportCreationService
FN:10,getInstance
FN:16,createReport
FNF:3
FNH:3
FNDA:1,ReportCreationService
FNDA:2,getInstance
FNDA:2,createReport
DA:1,1
DA:2,1
DA:3,1
DA:4,1
DA:5,1
DA:6,1
DA:7,1
DA:8,1
DA:9,1
DA:10,1
DA:11,2
DA:12,1
DA:13,1
DA:14,2
DA:15,2
DA:16,1
DA:17,2
DA:18,2
DA:19,0
DA:20,0
DA:21,2
DA:22,2
DA:23,2
DA:24,2
DA:25,2
DA:26,2
DA:27,2
DA:28,2
DA:29,2
DA:30,2
DA:31,1
DA:32,1
DA:33,1
LF:33
LH:31
BRDA:7,0,0,1
BRDA:10,1,0,2
BRDA:11,2,0,1
BRDA:16,3,0,2
BRDA:18,4,0,0
BRF:5
BRH:4
end_of_record
TN:
SF:src/app/lib/utils/fileUtils.ts
FN:4,savePhotoFile
FNF:1
FNH:0
FNDA:0,savePhotoFile
DA:1,1
DA:2,1
DA:3,1
DA:4,1
DA:5,0
DA:6,0
DA:7,0
DA:8,0
DA:9,0
DA:10,0
DA:11,0
DA:12,0
DA:13,0
DA:14,0
DA:15,0
DA:16,0
DA:17,0
DA:18,0
DA:19,0
DA:20,0
DA:21,0
DA:22,0
DA:23,0
DA:24,0
LF:24
LH:4
BRF:0
BRH:0
end_of_record
